Using pre-set license
Built from '2023.2/staging' branch; Version is '2023.2.0f1 (d0d63d039a6f) revision 13686333'; Using compiler version '193431935'; Build Type 'Release'
OS: 'Windows 10  (10.0.19045) 64bit Professional' Language: 'pl' Physical Memory: 8067 MB
BatchMode: 1, IsHumanControllingUs: 0, StartBugReporterOnCrash: 0, Is64bit: 1, IsPro: 1

COMMAND LINE ARGUMENTS:
C:\Program Files\Unity\Hub\Editor\2023.2.0f1\Editor\Unity.exe
-adb2
-batchMode
-noUpm
-name
AssetImportWorker0
-projectPath
C:/Users/user/Documents/GitHub/Night/terein
-logFile
Logs/AssetImportWorker0.log
-srvPort
54306
-job-worker-count
1
-background-job-worker-count
8
-asset-garbage-collectors
1
Successfully changed project path to: C:/Users/user/Documents/GitHub/Night/terein
C:/Users/user/Documents/GitHub/Night/terein
[UnityMemory] Configuration Parameters - Can be set up in boot.config
    "memorysetup-bucket-allocator-granularity=16"
    "memorysetup-bucket-allocator-bucket-count=8"
    "memorysetup-bucket-allocator-block-size=33554432"
    "memorysetup-bucket-allocator-block-count=8"
    "memorysetup-main-allocator-block-size=16777216"
    "memorysetup-thread-allocator-block-size=16777216"
    "memorysetup-gfx-main-allocator-block-size=16777216"
    "memorysetup-gfx-thread-allocator-block-size=16777216"
    "memorysetup-cache-allocator-block-size=4194304"
    "memorysetup-typetree-allocator-block-size=2097152"
    "memorysetup-profiler-bucket-allocator-granularity=16"
    "memorysetup-profiler-bucket-allocator-bucket-count=8"
    "memorysetup-profiler-bucket-allocator-block-size=33554432"
    "memorysetup-profiler-bucket-allocator-block-count=8"
    "memorysetup-profiler-allocator-block-size=16777216"
    "memorysetup-profiler-editor-allocator-block-size=1048576"
    "memorysetup-temp-allocator-size-main=16777216"
    "memorysetup-job-temp-allocator-block-size=2097152"
    "memorysetup-job-temp-allocator-block-size-background=1048576"
    "memorysetup-job-temp-allocator-reduction-small-platforms=262144"
    "memorysetup-allocator-temp-initial-block-size-main=262144"
    "memorysetup-allocator-temp-initial-block-size-worker=262144"
    "memorysetup-temp-allocator-size-background-worker=32768"
    "memorysetup-temp-allocator-size-job-worker=262144"
    "memorysetup-temp-allocator-size-preload-manager=33554432"
    "memorysetup-temp-allocator-size-nav-mesh-worker=65536"
    "memorysetup-temp-allocator-size-audio-worker=65536"
    "memorysetup-temp-allocator-size-cloud-worker=32768"
    "memorysetup-temp-allocator-size-gi-baking-worker=262144"
    "memorysetup-temp-allocator-size-gi-baking-worker=262144"
    "memorysetup-temp-allocator-size-gi-baking-worker=262144"
    "memorysetup-temp-allocator-size-gi-baking-worker=262144"
    "memorysetup-temp-allocator-size-gfx=262144"
Player connection [22276] Host "[IP] 192.168.0.136 [Port] 0 [Flags] 2 [Guid] 2780503605 [EditorId] 2780503605 [Version] 1048832 [Id] WindowsEditor(7,DESKTOP-2M2USIE) [Debug] 1 [PackageName] WindowsEditor [ProjectName] Editor" joined multi-casting on [225.0.0.222:54997]...
Player connection [22276] Host "[IP] 192.168.0.136 [Port] 0 [Flags] 2 [Guid] 2780503605 [EditorId] 2780503605 [Version] 1048832 [Id] WindowsEditor(7,DESKTOP-2M2USIE) [Debug] 1 [PackageName] WindowsEditor [ProjectName] Editor" joined alternative multi-casting on [225.0.0.222:34997]...
JobSystem: Creating JobQueue using job-worker-count value 1
[Physics::Module] Initialized MultithreadedJobDispatcher with 1 workers.
Library Redirect Path: Library/
Refreshing native plugins compatible for Editor in 8.30 ms, found 3 plugins.
Preloading 0 native plugins for Editor in 0.00 ms.
Initialize engine version: 2023.2.0f1 (d0d63d039a6f)
[Subsystems] Discovering subsystems at path C:/Program Files/Unity/Hub/Editor/2023.2.0f1/Editor/Data/Resources/UnitySubsystems
[Subsystems] Discovering subsystems at path C:/Users/user/Documents/GitHub/Night/terein/Assets
GfxDevice: creating device client; kGfxThreadingModeNonThreaded
Direct3D:
    Version:  Direct3D 11.0 [level 11.1]
    Renderer: Intel(R) HD Graphics 5500 (ID=0x1616)
    Vendor:   Intel
    VRAM:     4033 MB
    Driver:   20.19.15.5126
Initialize mono
Mono path[0] = 'C:/Program Files/Unity/Hub/Editor/2023.2.0f1/Editor/Data/Managed'
Mono path[1] = 'C:/Program Files/Unity/Hub/Editor/2023.2.0f1/Editor/Data/MonoBleedingEdge/lib/mono/unityjit-win32'
Mono config path = 'C:/Program Files/Unity/Hub/Editor/2023.2.0f1/Editor/Data/MonoBleedingEdge/etc'
Using monoOptions --debugger-agent=transport=dt_socket,embedding=1,server=y,suspend=n,address=127.0.0.1:56464
Begin MonoManager ReloadAssembly
Registering precompiled unity dll's ...
Register platform support module: C:/Program Files/Unity/Hub/Editor/2023.2.0f1/Editor/Data/PlaybackEngines/WindowsStandaloneSupport/UnityEditor.WindowsStandalone.Extensions.dll
Registered in 0.016830 seconds.
- Loaded All Assemblies, in  2.514 seconds
Native extension for WindowsStandalone target not found
Mono: successfully reloaded assembly
- Finished resetting the current domain, in  2.179 seconds
Domain Reload Profiling: 4691ms
	BeginReloadAssembly (694ms)
		ExecutionOrderSort (0ms)
		DisableScriptedObjects (0ms)
		BackupInstance (0ms)
		ReleaseScriptingObjects (0ms)
		CreateAndSetChildDomain (2ms)
	RebuildCommonClasses (288ms)
	RebuildNativeTypeToScriptingClass (56ms)
	initialDomainReloadingComplete (247ms)
	LoadAllAssembliesAndSetupDomain (1223ms)
		LoadAssemblies (684ms)
		RebuildTransferFunctionScriptingTraits (0ms)
		AnalyzeDomain (1210ms)
			TypeCache.Refresh (1206ms)
				TypeCache.ScanAssembly (1140ms)
			BuildScriptInfoCaches (0ms)
			ResolveRequiredComponents (3ms)
	FinalizeReload (2183ms)
		ReleaseScriptCaches (0ms)
		RebuildScriptCaches (0ms)
		SetupLoadedEditorAssemblies (1913ms)
			LogAssemblyErrors (0ms)
			InitializePlatformSupportModulesInManaged (50ms)
			SetLoadedEditorAssemblies (29ms)
			BeforeProcessingInitializeOnLoad (59ms)
			ProcessInitializeOnLoadAttributes (1483ms)
			ProcessInitializeOnLoadMethodAttributes (292ms)
			AfterProcessingInitializeOnLoad (0ms)
			EditorAssembliesLoaded (0ms)
		ExecutionOrderSort2 (0ms)
		AwakeInstancesAfterBackupRestoration (0ms)
========================================================================
Worker process is ready to serve import requests
Import Worker Mode flag is 0x00
Begin MonoManager ReloadAssembly
- Loaded All Assemblies, in  2.514 seconds
Refreshing native plugins compatible for Editor in 2.54 ms, found 3 plugins.
Native extension for WindowsStandalone target not found
Mono: successfully reloaded assembly
- Finished resetting the current domain, in  1.479 seconds
Domain Reload Profiling: 3987ms
	BeginReloadAssembly (1324ms)
		ExecutionOrderSort (0ms)
		DisableScriptedObjects (28ms)
		BackupInstance (0ms)
		ReleaseScriptingObjects (0ms)
		CreateAndSetChildDomain (91ms)
	RebuildCommonClasses (102ms)
	RebuildNativeTypeToScriptingClass (26ms)
	initialDomainReloadingComplete (82ms)
	LoadAllAssembliesAndSetupDomain (972ms)
		LoadAssemblies (812ms)
		RebuildTransferFunctionScriptingTraits (0ms)
		AnalyzeDomain (403ms)
			TypeCache.Refresh (347ms)
				TypeCache.ScanAssembly (322ms)
			BuildScriptInfoCaches (43ms)
			ResolveRequiredComponents (9ms)
	FinalizeReload (1480ms)
		ReleaseScriptCaches (0ms)
		RebuildScriptCaches (0ms)
		SetupLoadedEditorAssemblies (1021ms)
			LogAssemblyErrors (0ms)
			InitializePlatformSupportModulesInManaged (5ms)
			SetLoadedEditorAssemblies (10ms)
			BeforeProcessingInitializeOnLoad (136ms)
			ProcessInitializeOnLoadAttributes (804ms)
			ProcessInitializeOnLoadMethodAttributes (57ms)
			AfterProcessingInitializeOnLoad (10ms)
			EditorAssembliesLoaded (0ms)
		ExecutionOrderSort2 (0ms)
		AwakeInstancesAfterBackupRestoration (15ms)
Launched and connected shader compiler UnityShaderCompiler.exe after 0.08 seconds
Refreshing native plugins compatible for Editor in 8.19 ms, found 3 plugins.
Preloading 0 native plugins for Editor in 0.00 ms.
Unloading 54 Unused Serialized files (Serialized files now loaded: 0)
Unloading 3574 unused Assets / (458.1 KB). Loaded Objects now: 4196.
Memory consumption went from 141.2 MB to 140.7 MB.
Total: 53.204600 ms (FindLiveObjects: 2.559600 ms CreateObjectMapping: 5.073700 ms MarkObjects: 34.621900 ms  DeleteObjects: 10.946500 ms)

========================================================================
Received Import Request.
  Time since last request: 1302635.869834 seconds.
  path: Assets/BackgroundCars/FreeCar/FreeDemoScene.unity
  artifactKey: Guid(00e520d07eb23a247b488d7570a6c36e) Importer(815301076,1909f56bfc062723c751e8b465ee728b)
Start importing Assets/BackgroundCars/FreeCar/FreeDemoScene.unity using Guid(00e520d07eb23a247b488d7570a6c36e) Importer(815301076,1909f56bfc062723c751e8b465ee728b) (PreviewImporter) -> (artifact id: '301c15334afc7573b1337436b9918ac6') in 0.0241335 seconds
Number of updated asset objects reloaded before import = 0Number of asset objects unloaded after import = 0

========================================================================
Received Import Request.
  Time since last request: 11.951492 seconds.
  path: Assets/BackgroundCars/FreeCar/FreeDemoSceneSettings.lighting
  artifactKey: Guid(da65ae9b82ee12a46b88711576fe12df) Importer(815301076,1909f56bfc062723c751e8b465ee728b)
Start importing Assets/BackgroundCars/FreeCar/FreeDemoSceneSettings.lighting using Guid(da65ae9b82ee12a46b88711576fe12df) Importer(815301076,1909f56bfc062723c751e8b465ee728b) (PreviewImporter) -> (artifact id: 'd0c06af040839ce4cc1d5458a9ea3d01') in 0.0286232 seconds
Number of updated asset objects reloaded before import = 0Number of asset objects unloaded after import = 1

========================================================================
Received Import Request.
  Time since last request: 1.525097 seconds.
  path: Assets/BackgroundCars/FreeCar/BackgroundCar-Free.txt
  artifactKey: Guid(7b975f7010a3cf54aa3eb2e6d302b179) Importer(815301076,1909f56bfc062723c751e8b465ee728b)
Start importing Assets/BackgroundCars/FreeCar/BackgroundCar-Free.txt using Guid(7b975f7010a3cf54aa3eb2e6d302b179) Importer(815301076,1909f56bfc062723c751e8b465ee728b) (PreviewImporter) -> (artifact id: 'cb17f9e900cbb1a55a3c106318929a84') in 0.0030652 seconds
Number of updated asset objects reloaded before import = 0Number of asset objects unloaded after import = 1

========================================================================
Received Import Request.
  Time since last request: 1.101498 seconds.
  path: Assets/BackgroundCars/FreeCar/FuzzyRed
  artifactKey: Guid(221790f31d4cffa4098d01c787552704) Importer(815301076,1909f56bfc062723c751e8b465ee728b)
Start importing Assets/BackgroundCars/FreeCar/FuzzyRed using Guid(221790f31d4cffa4098d01c787552704) Importer(815301076,1909f56bfc062723c751e8b465ee728b) (PreviewImporter) -> (artifact id: 'b5e3ebffee24c734d7fbfb46547778ea') in 0.0009569 seconds
Number of updated asset objects reloaded before import = 0Number of asset objects unloaded after import = 0

========================================================================
Received Import Request.
  Time since last request: 0.532939 seconds.
  path: Assets/BackgroundCars/FreeCar/FuzzyRed/FuzzyRed.fbx
  artifactKey: Guid(f143ac8d2a1b5e0488e4be650ad829d2) Importer(815301076,1909f56bfc062723c751e8b465ee728b)
Start importing Assets/BackgroundCars/FreeCar/FuzzyRed/FuzzyRed.fbx using Guid(f143ac8d2a1b5e0488e4be650ad829d2) Importer(815301076,1909f56bfc062723c751e8b465ee728b) (PreviewImporter) -> (artifact id: 'a1d4f66a5f0caff770c2c2db7126cc31') in 0.3279193 seconds
Number of updated asset objects reloaded before import = 0Number of asset objects unloaded after import = 9

========================================================================
Received Import Request.
  Time since last request: 0.000038 seconds.
  path: Assets/BackgroundCars/FreeCar/FuzzyRed/FuzzyRed.png
  artifactKey: Guid(cabc227a8a761ee4a8759c3f1eed658c) Importer(815301076,1909f56bfc062723c751e8b465ee728b)
Start importing Assets/BackgroundCars/FreeCar/FuzzyRed/FuzzyRed.png using Guid(cabc227a8a761ee4a8759c3f1eed658c) Importer(815301076,1909f56bfc062723c751e8b465ee728b) (PreviewImporter) -> (artifact id: '22a462cbe1569bb76437b1d11fffb992') in 0.071673 seconds
Number of updated asset objects reloaded before import = 0Number of asset objects unloaded after import = 2

========================================================================
Received Import Request.
  Time since last request: 12.363642 seconds.
  path: Assets/Fantasy Forest Environment Free Sample/Scenes/assets.unity
  artifactKey: Guid(a143ab047b99a124ca579bc8e0366cd3) Importer(815301076,1909f56bfc062723c751e8b465ee728b)
Start importing Assets/Fantasy Forest Environment Free Sample/Scenes/assets.unity using Guid(a143ab047b99a124ca579bc8e0366cd3) Importer(815301076,1909f56bfc062723c751e8b465ee728b) (PreviewImporter) -> (artifact id: 'd336344884e22acc6e9164eb3491ae03') in 0.0023158 seconds
Number of updated asset objects reloaded before import = 0Number of asset objects unloaded after import = 0

========================================================================
Received Import Request.
  Time since last request: 5.747925 seconds.
  path: Assets/Fantasy Forest Environment Free Sample/Scenes/demoScene_free.unity
  artifactKey: Guid(7769f33fb4fa2e5458344a36556ad760) Importer(815301076,1909f56bfc062723c751e8b465ee728b)
Start importing Assets/Fantasy Forest Environment Free Sample/Scenes/demoScene_free.unity using Guid(7769f33fb4fa2e5458344a36556ad760) Importer(815301076,1909f56bfc062723c751e8b465ee728b) (PreviewImporter) -> (artifact id: '4a22ad598952f82a7916770014fee00d') in 0.0013273 seconds
Number of updated asset objects reloaded before import = 0Number of asset objects unloaded after import = 0

========================================================================
Received Import Request.
  Time since last request: 7.362741 seconds.
  path: Assets/Terrains/New Terrain.asset
  artifactKey: Guid(c6d53eb1417fa6d41b5f8089fff05aed) Importer(815301076,1909f56bfc062723c751e8b465ee728b)
Start importing Assets/Terrains/New Terrain.asset using Guid(c6d53eb1417fa6d41b5f8089fff05aed) Importer(815301076,1909f56bfc062723c751e8b465ee728b) (PreviewImporter)The tree grass01 must use the Nature/Soft Occlusion shader. Otherwise billboarding/lighting will not work correctly.
The tree grass01 must use the Nature/Soft Occlusion shader. Otherwise billboarding/lighting will not work correctly.
 -> (artifact id: 'a03fa31e8fbd2097034e6e193a3d33f5') in 0.172395 seconds
Number of updated asset objects reloaded before import = 0Number of asset objects unloaded after import = 96

========================================================================
Received Import Request.
  Time since last request: 16.366007 seconds.
  path: Assets/Scenes/SampleScene.unity
  artifactKey: Guid(9fc0d4010bbf28b4594072e72b8655ab) Importer(815301076,1909f56bfc062723c751e8b465ee728b)
Start importing Assets/Scenes/SampleScene.unity using Guid(9fc0d4010bbf28b4594072e72b8655ab) Importer(815301076,1909f56bfc062723c751e8b465ee728b) (PreviewImporter) -> (artifact id: '687e163a9b5ddc00d10ca8572432bc81') in 0.0021708 seconds
Number of updated asset objects reloaded before import = 0Number of asset objects unloaded after import = 0

========================================================================
Received Import Request.
  Time since last request: 467.509081 seconds.
  path: Assets/Scenes/Cos
  artifactKey: Guid(02bc8c0a4cc7863438e20156698c42bd) Importer(815301076,1909f56bfc062723c751e8b465ee728b)
Start importing Assets/Scenes/Cos using Guid(02bc8c0a4cc7863438e20156698c42bd) Importer(815301076,1909f56bfc062723c751e8b465ee728b) (PreviewImporter) -> (artifact id: 'ad44477b611809b375d1287a624c0db5') in 0.0020679 seconds
Number of updated asset objects reloaded before import = 0Number of asset objects unloaded after import = 0

========================================================================
Received Import Request.
  Time since last request: 25.639764 seconds.
  path: Assets/Scenes/Menu.unity
  artifactKey: Guid(2e3b313d3ec7e264ca6ade86380db707) Importer(815301076,1909f56bfc062723c751e8b465ee728b)
Start importing Assets/Scenes/Menu.unity using Guid(2e3b313d3ec7e264ca6ade86380db707) Importer(815301076,1909f56bfc062723c751e8b465ee728b) (PreviewImporter) -> (artifact id: '6fb5f0a5b4d319d257d4e5d6a7ab9147') in 0.0015359 seconds
Number of updated asset objects reloaded before import = 0Number of asset objects unloaded after import = 0

========================================================================
Received Import Request.
  Time since last request: 266.161815 seconds.
  path: Assets/BackgroundCars/ParkingLot/Materials/ConcreteMat.mat
  artifactKey: Guid(9a8016e516f434e4eba2dd3bf8dd63ad) Importer(815301076,1909f56bfc062723c751e8b465ee728b)
Start importing Assets/BackgroundCars/ParkingLot/Materials/ConcreteMat.mat using Guid(9a8016e516f434e4eba2dd3bf8dd63ad) Importer(815301076,1909f56bfc062723c751e8b465ee728b) (PreviewImporter) -> (artifact id: '02affabcfdbf30d06042992a091d9833') in 0.1173291 seconds
Number of updated asset objects reloaded before import = 0Number of asset objects unloaded after import = 2

========================================================================
Received Import Request.
  Time since last request: 0.000039 seconds.
  path: Assets/BackgroundCars/FreeCar/FuzzyRed/Materials/FuzzyRed.mat
  artifactKey: Guid(ac88da5b18f2f0445b208f2128bebd22) Importer(815301076,1909f56bfc062723c751e8b465ee728b)
Start importing Assets/BackgroundCars/FreeCar/FuzzyRed/Materials/FuzzyRed.mat using Guid(ac88da5b18f2f0445b208f2128bebd22) Importer(815301076,1909f56bfc062723c751e8b465ee728b) (PreviewImporter) -> (artifact id: '981de8721e58c2135941ca901e2566a9') in 0.0455585 seconds
Number of updated asset objects reloaded before import = 0Number of asset objects unloaded after import = 2

========================================================================
Received Import Request.
  Time since last request: 0.000078 seconds.
  path: Assets/TextMesh Pro/Fonts/LiberationSans.ttf
  artifactKey: Guid(e3265ab4bf004d28a9537516768c1c75) Importer(815301076,1909f56bfc062723c751e8b465ee728b)
Start importing Assets/TextMesh Pro/Fonts/LiberationSans.ttf using Guid(e3265ab4bf004d28a9537516768c1c75) Importer(815301076,1909f56bfc062723c751e8b465ee728b) (PreviewImporter) -> (artifact id: '0c7f2e2e17a3ebdcac44bda580781b46') in 0.0590773 seconds
Number of updated asset objects reloaded before import = 0Number of asset objects unloaded after import = 4

========================================================================
Received Import Request.
  Time since last request: 0.858646 seconds.
  path: Assets/BackgroundCars/ParkingLot/Materials/Grass01.mat
  artifactKey: Guid(69813d6c11f2c724ebb6a64358b6d52a) Importer(815301076,1909f56bfc062723c751e8b465ee728b)
Start importing Assets/BackgroundCars/ParkingLot/Materials/Grass01.mat using Guid(69813d6c11f2c724ebb6a64358b6d52a) Importer(815301076,1909f56bfc062723c751e8b465ee728b) (PreviewImporter) -> (artifact id: '226a6f5f8b611564c98a94b2b1dfbd60') in 0.0340546 seconds
Number of updated asset objects reloaded before import = 0Number of asset objects unloaded after import = 2

========================================================================
Received Import Request.
  Time since last request: 0.000054 seconds.
  path: Assets/BackgroundCars/ParkingLot/Materials/GrassMat.mat
  artifactKey: Guid(0f0c124508ebd1e4aa1a00d7a2819112) Importer(815301076,1909f56bfc062723c751e8b465ee728b)
Start importing Assets/BackgroundCars/ParkingLot/Materials/GrassMat.mat using Guid(0f0c124508ebd1e4aa1a00d7a2819112) Importer(815301076,1909f56bfc062723c751e8b465ee728b) (PreviewImporter) -> (artifact id: 'd37d8a6e76ee10f25ce4c023e737ecbe') in 0.042887 seconds
Number of updated asset objects reloaded before import = 0Number of asset objects unloaded after import = 2

========================================================================
Received Import Request.
  Time since last request: 4.579322 seconds.
  path: Assets/TextMesh Pro/Resources/Fonts & Materials/LiberationSans SDF - Drop Shadow.mat
  artifactKey: Guid(e73a58f6e2794ae7b1b7e50b7fb811b0) Importer(815301076,1909f56bfc062723c751e8b465ee728b)
Start importing Assets/TextMesh Pro/Resources/Fonts & Materials/LiberationSans SDF - Drop Shadow.mat using Guid(e73a58f6e2794ae7b1b7e50b7fb811b0) Importer(815301076,1909f56bfc062723c751e8b465ee728b) (PreviewImporter) -> (artifact id: '99acff176cb494ea7f909c93a8feb4ed') in 0.2079276 seconds
Number of updated asset objects reloaded before import = 0Number of asset objects unloaded after import = 3

========================================================================
Received Import Request.
  Time since last request: 0.000039 seconds.
  path: Assets/TextMesh Pro/Resources/Fonts & Materials/LiberationSans SDF - Outline.mat
  artifactKey: Guid(79459efec17a4d00a321bdcc27bbc385) Importer(815301076,1909f56bfc062723c751e8b465ee728b)
Start importing Assets/TextMesh Pro/Resources/Fonts & Materials/LiberationSans SDF - Outline.mat using Guid(79459efec17a4d00a321bdcc27bbc385) Importer(815301076,1909f56bfc062723c751e8b465ee728b) (PreviewImporter) -> (artifact id: '0ad1b359dc36287a73eda720821a3c76') in 0.1695775 seconds
Number of updated asset objects reloaded before import = 0Number of asset objects unloaded after import = 3

========================================================================
Received Import Request.
  Time since last request: 0.103989 seconds.
  path: Assets/TextMesh Pro/Resources/Fonts & Materials/LiberationSans SDF - Fallback.asset
  artifactKey: Guid(2e498d1c8094910479dc3e1b768306a4) Importer(815301076,1909f56bfc062723c751e8b465ee728b)
Start importing Assets/TextMesh Pro/Resources/Fonts & Materials/LiberationSans SDF - Fallback.asset using Guid(2e498d1c8094910479dc3e1b768306a4) Importer(815301076,1909f56bfc062723c751e8b465ee728b) (PreviewImporter) -> (artifact id: '5d9766e6847038c233c2b4accccf7329') in 0.1542926 seconds
Number of updated asset objects reloaded before import = 0Number of asset objects unloaded after import = 7

========================================================================
Received Import Request.
  Time since last request: 0.000041 seconds.
  path: Assets/TextMesh Pro/Resources/Fonts & Materials/LiberationSans SDF.asset
  artifactKey: Guid(8f586378b4e144a9851e7b34d9b748ee) Importer(815301076,1909f56bfc062723c751e8b465ee728b)
Start importing Assets/TextMesh Pro/Resources/Fonts & Materials/LiberationSans SDF.asset using Guid(8f586378b4e144a9851e7b34d9b748ee) Importer(815301076,1909f56bfc062723c751e8b465ee728b) (PreviewImporter) -> (artifact id: '443a4cdca9cf7b030bbbc42c1a09b33c') in 0.0935354 seconds
Number of updated asset objects reloaded before import = 0Number of asset objects unloaded after import = 10

========================================================================
Received Import Request.
  Time since last request: 4.547417 seconds.
  path: Assets/BackgroundCars/ParkingLot/Materials/Parking01.mat
  artifactKey: Guid(e452ae95930ff3d43be0b40e3d365889) Importer(815301076,1909f56bfc062723c751e8b465ee728b)
Start importing Assets/BackgroundCars/ParkingLot/Materials/Parking01.mat using Guid(e452ae95930ff3d43be0b40e3d365889) Importer(815301076,1909f56bfc062723c751e8b465ee728b) (PreviewImporter) -> (artifact id: '213668ddcf89ac2f1927049d9d800d9c') in 0.0413231 seconds
Number of updated asset objects reloaded before import = 0Number of asset objects unloaded after import = 2

========================================================================
Received Import Request.
  Time since last request: 0.041916 seconds.
  path: Assets/BackgroundCars/ParkingLot/Materials/ParkingMat.mat
  artifactKey: Guid(00620c29a8f4b804f9c4260452764fe0) Importer(815301076,1909f56bfc062723c751e8b465ee728b)
Start importing Assets/BackgroundCars/ParkingLot/Materials/ParkingMat.mat using Guid(00620c29a8f4b804f9c4260452764fe0) Importer(815301076,1909f56bfc062723c751e8b465ee728b) (PreviewImporter) -> (artifact id: '6cf56e8493c2c5d0adddf2571219a98a') in 0.1422046 seconds
Number of updated asset objects reloaded before import = 0Number of asset objects unloaded after import = 2

========================================================================
Received Import Request.
  Time since last request: 4.153788 seconds.
  path: Assets/BackgroundCars/ParkingLot/Materials/RoadConcrete01_512.mat
  artifactKey: Guid(a74ff7bb97095e74ba7396a5fd11891c) Importer(815301076,1909f56bfc062723c751e8b465ee728b)
Start importing Assets/BackgroundCars/ParkingLot/Materials/RoadConcrete01_512.mat using Guid(a74ff7bb97095e74ba7396a5fd11891c) Importer(815301076,1909f56bfc062723c751e8b465ee728b) (PreviewImporter) -> (artifact id: '3adfc9aa4672eb901432e45c5b9115dd') in 0.0343094 seconds
Number of updated asset objects reloaded before import = 0Number of asset objects unloaded after import = 2

========================================================================
Received Import Request.
  Time since last request: 91.419389 seconds.
  path: Assets/Scenes/skok.unity
  artifactKey: Guid(dcd99a40dcad8244e9a406ddd2346629) Importer(815301076,1909f56bfc062723c751e8b465ee728b)
Start importing Assets/Scenes/skok.unity using Guid(dcd99a40dcad8244e9a406ddd2346629) Importer(815301076,1909f56bfc062723c751e8b465ee728b) (PreviewImporter) -> (artifact id: 'ac6c552ae99b2f3457517775216631a3') in 0.0014075 seconds
Number of updated asset objects reloaded before import = 0Number of asset objects unloaded after import = 0

========================================================================
Received Import Request.
  Time since last request: 257.572059 seconds.
  path: Assets/Scenes/Menu.unity
  artifactKey: Guid(2e3b313d3ec7e264ca6ade86380db707) Importer(815301076,1909f56bfc062723c751e8b465ee728b)
Start importing Assets/Scenes/Menu.unity using Guid(2e3b313d3ec7e264ca6ade86380db707) Importer(815301076,1909f56bfc062723c751e8b465ee728b) (PreviewImporter) -> (artifact id: '4bfab0686e4462733299384a76165870') in 0.0016957 seconds
Number of updated asset objects reloaded before import = 0Number of asset objects unloaded after import = 0

========================================================================
Received Import Request.
  Time since last request: 5.509819 seconds.
  path: Assets/Scenes/SampleScene.unity
  artifactKey: Guid(9fc0d4010bbf28b4594072e72b8655ab) Importer(815301076,1909f56bfc062723c751e8b465ee728b)
Start importing Assets/Scenes/SampleScene.unity using Guid(9fc0d4010bbf28b4594072e72b8655ab) Importer(815301076,1909f56bfc062723c751e8b465ee728b) (PreviewImporter) -> (artifact id: '44ac780a4015ac68aa7c237b6c55d309') in 0.0023512 seconds
Number of updated asset objects reloaded before import = 0Number of asset objects unloaded after import = 0

========================================================================
Received Prepare
Begin MonoManager ReloadAssembly
- Loaded All Assemblies, in  1.897 seconds
Refreshing native plugins compatible for Editor in 1.30 ms, found 3 plugins.
Native extension for WindowsStandalone target not found
Mono: successfully reloaded assembly
- Finished resetting the current domain, in  3.185 seconds
Domain Reload Profiling: 5085ms
	BeginReloadAssembly (450ms)
		ExecutionOrderSort (0ms)
		DisableScriptedObjects (10ms)
		BackupInstance (0ms)
		ReleaseScriptingObjects (0ms)
		CreateAndSetChildDomain (95ms)
	RebuildCommonClasses (97ms)
	RebuildNativeTypeToScriptingClass (30ms)
	initialDomainReloadingComplete (68ms)
	LoadAllAssembliesAndSetupDomain (1248ms)
		LoadAssemblies (934ms)
		RebuildTransferFunctionScriptingTraits (0ms)
		AnalyzeDomain (547ms)
			TypeCache.Refresh (28ms)
				TypeCache.ScanAssembly (0ms)
			BuildScriptInfoCaches (496ms)
			ResolveRequiredComponents (15ms)
	FinalizeReload (3193ms)
		ReleaseScriptCaches (0ms)
		RebuildScriptCaches (0ms)
		SetupLoadedEditorAssemblies (2338ms)
			LogAssemblyErrors (0ms)
			InitializePlatformSupportModulesInManaged (6ms)
			SetLoadedEditorAssemblies (10ms)
			BeforeProcessingInitializeOnLoad (183ms)
			ProcessInitializeOnLoadAttributes (1973ms)
			ProcessInitializeOnLoadMethodAttributes (145ms)
			AfterProcessingInitializeOnLoad (21ms)
			EditorAssembliesLoaded (1ms)
		ExecutionOrderSort2 (0ms)
		AwakeInstancesAfterBackupRestoration (37ms)
Refreshing native plugins compatible for Editor in 71.85 ms, found 3 plugins.
Preloading 0 native plugins for Editor in 0.00 ms.
Unloading 19 Unused Serialized files (Serialized files now loaded: 0)
Unloading 3585 unused Assets / (1.1 MB). Loaded Objects now: 4249.
Memory consumption went from 137.0 MB to 136.0 MB.
Total: 44.217800 ms (FindLiveObjects: 1.948800 ms CreateObjectMapping: 1.402400 ms MarkObjects: 34.195900 ms  DeleteObjects: 6.665600 ms)

Prepare: number of updated asset objects reloaded= 0
========================================================================
Received Import Request.
  Time since last request: 217.199128 seconds.
  path: Assets/Scenes/skok.unity
  artifactKey: Guid(dcd99a40dcad8244e9a406ddd2346629) Importer(815301076,1909f56bfc062723c751e8b465ee728b)
Start importing Assets/Scenes/skok.unity using Guid(dcd99a40dcad8244e9a406ddd2346629) Importer(815301076,1909f56bfc062723c751e8b465ee728b) (PreviewImporter) -> (artifact id: 'c919cc956ec1b0888eee345013fa07d7') in 0.0129544 seconds
Number of updated asset objects reloaded before import = 0Number of asset objects unloaded after import = 0

